Arguments: 
  /Users/michelson/.nvm/versions/node/v15.4.0/bin/node /usr/local/Cellar/yarn/1.22.18/libexec/bin/yarn.js add @hotwired/stimulus-loading

PATH: 
  /Users/michelson/.rvm/gems/ruby-2.7.1/bin:/Users/michelson/.rvm/gems/ruby-2.7.1@global/bin:/Users/michelson/.rvm/rubies/ruby-2.7.1/bin:/Users/michelson/.wasmer/bin:/Users/michelson/.nvm/versions/node/v15.4.0/bin:/Users/Shared/DBngin/mysql/8.0.19/bin:/usr/local/opt/postgresql@9.6/bin:/usr/local/opt/redis@3.2/bin:/Users/michelson/miniconda2/bin:/Users/michelson/anaconda/bin:/Users/michelson/.yarn/bin:/usr/local/bin:/usr/bin:/bin:/usr/sbin:/sbin:/Library/Apple/usr/bin:/Users/michelson/Library/Android/sdk/platform-tools:/Users/michelson/.rvm/gems/ruby-2.7.1/bin:/Users/michelson/.rvm/gems/ruby-2.7.1@global/bin:/Users/michelson/.rvm/rubies/ruby-2.7.1/bin:/Users/michelson/.wasmer/bin:/Users/michelson/.nvm/versions/node/v15.4.0/bin:/Users/Shared/DBngin/mysql/8.0.19/bin:/usr/local/opt/postgresql@9.6/bin:/usr/local/opt/redis@3.2/bin:/Users/michelson/miniconda2/bin:/Users/michelson/anaconda/bin:/Users/michelson/.yarn/bin:/Users/michelson/.cargo/bin:/Users/michelson/Library/Android/sdk/tools:/Users/michelson/.pulumi/bin:/Users/michelson/.rvm/bin:/Users/michelson/.wasmer/globals/wapm_packages/.bin:/Users/michelson/.cargo/bin:/Users/michelson/Library/Android/sdk/tools:/usr/local/bin:/usr/bin:/bin:/usr/sbin:/sbin:/usr/local/opt/postgresql@9.6/bin:/usr/local/opt/redis@3.2/bin:/Users/michelson/miniconda2/bin:/Users/michelson/anaconda/bin:/Users/michelson/.yarn/bin:/usr/local/bin:/usr/bin:/bin:/usr/sbin:/sbin:/Library/Apple/usr/bin:/Users/michelson/Library/Android/sdk/platform-tools:/Users/michelson/.rvm/gems/ruby-2.7.1/bin:/Users/michelson/.rvm/gems/ruby-2.7.1@global/bin:/Users/michelson/.rvm/rubies/ruby-2.7.1/bin:/Users/michelson/.wasmer/bin:/Users/michelson/.nvm/versions/node/v15.4.0/bin:/Users/Shared/DBngin/mysql/8.0.19/bin:/usr/local/opt/postgresql@9.6/bin:/usr/local/opt/redis@3.2/bin:/Users/michelson/miniconda2/bin:/Users/michelson/anaconda/bin:/Users/michelson/.yarn/bin:/Users/michelson/.cargo/bin:/Users/michelson/Library/Android/sdk/tools:/Users/michelson/.pulumi/bin:/Users/michelson/.rvm/bin:/Users/michelson/.wasmer/globals/wapm_packages/.bin:/Users/michelson/.cargo/bin:/Users/michelson/Library/Android/sdk/tools:/usr/local/bin:/usr/bin:/bin:/usr/sbin:/sbin:/Users/michelson/.pulumi/bin:/Users/michelson/.rvm/bin:/Users/michelson/.wasmer/globals/wapm_packages/.bin

Yarn version: 
  1.22.18

Node version: 
  15.4.0

Platform: 
  darwin x64

Trace: 
  Error: https://registry.yarnpkg.com/@hotwired%2fstimulus-loading: Not found
      at Request.params.callback [as _callback] (/usr/local/Cellar/yarn/1.22.18/libexec/lib/cli.js:66138:18)
      at Request.self.callback (/usr/local/Cellar/yarn/1.22.18/libexec/lib/cli.js:140883:22)
      at Request.emit (node:events:376:20)
      at Request.<anonymous> (/usr/local/Cellar/yarn/1.22.18/libexec/lib/cli.js:141855:10)
      at Request.emit (node:events:376:20)
      at IncomingMessage.<anonymous> (/usr/local/Cellar/yarn/1.22.18/libexec/lib/cli.js:141777:12)
      at Object.onceWrapper (node:events:482:28)
      at IncomingMessage.emit (node:events:388:22)
      at endReadableNT (node:internal/streams/readable:1295:12)
      at processTicksAndRejections (node:internal/process/task_queues:80:21)

npm manifest: 
  {
    "dependencies": {
      "@hotwired/stimulus": "^3.0.1",
      "wavesurfer": "^1.3.4"
    }
  }

yarn manifest: 
  No manifest

Lockfile: 
  # THIS IS AN AUTOGENERATED FILE. DO NOT EDIT THIS FILE DIRECTLY.
  # yarn lockfile v1
  
  
  "@hotwired/stimulus@^3.0.1":
    version "3.0.1"
    resolved "https://registry.yarnpkg.com/@hotwired/stimulus/-/stimulus-3.0.1.tgz#141f15645acaa3b133b7c247cad58ae252ffae85"
    integrity sha512-oHsJhgY2cip+K2ED7vKUNd2P+BEswVhrCYcJ802DSsblJFv7mPFVk3cQKvm2vHgHeDVdnj7oOKrBbzp1u8D+KA==
  
  wavesurfer@^1.3.4:
    version "1.3.4"
    resolved "https://registry.yarnpkg.com/wavesurfer/-/wavesurfer-1.3.4.tgz#17908abd20da11a8db460c5a176679621d519bfa"
    integrity sha512-Td6t6x8vtBWHQu8ijX+OW5O1z3uDOmHrvOl2P7l1638Cy+8MWLM6kYYp7UDNQc3OZgukm8T6Z5+Dnvie9Rjw0w==
